\BOOKMARK [1][]{section.1}{\376\377\0001\000\040\000I\000n\000t\000r\000o\000d\000u\000c\000t\000i\000o\000n}{}% 1
\BOOKMARK [1][]{section.2}{\376\377\0002\000\040\000L\000i\000s\000t\000e\000\040\000d\000e\000s\000\040\000f\000o\000r\000m\000u\000l\000e\000s\000\040\000d\000i\000s\000p\000o\000n\000i\000b\000l\000e\000s}{}% 2
\BOOKMARK [2][]{subsection.2.1}{\376\377\0002\000.\0001\000\040\000I\000R\000O\000K\000O\000O\000.\000G\000E\000T\000\137\000F\000I\000E\000L\000D}{section.2}% 3
\BOOKMARK [3][]{subsubsection.2.1.1}{\376\377\0002\000.\0001\000.\0001\000\040\000S\000y\000n\000t\000a\000x\000e}{subsection.2.1}% 4
\BOOKMARK [3][]{subsubsection.2.1.2}{\376\377\0002\000.\0001\000.\0002\000\040\000P\000a\000r\000a\000m\000\350\000t\000r\000e\000s}{subsection.2.1}% 5
\BOOKMARK [3][]{subsubsection.2.1.3}{\376\377\0002\000.\0001\000.\0003\000\040\000R\000e\000t\000o\000u\000r\000n\000e}{subsection.2.1}% 6
\BOOKMARK [3][]{subsubsection.2.1.4}{\376\377\0002\000.\0001\000.\0004\000\040\000E\000x\000e\000m\000p\000l\000e}{subsection.2.1}% 7
\BOOKMARK [3][]{subsubsection.2.1.5}{\376\377\0002\000.\0001\000.\0005\000\040\000E\000x\000e\000m\000p\000l\000e\000\040\000a\000v\000e\000c\000\040\000c\000h\000a\000m\000p\000\040\000r\000e\000l\000a\000t\000i\000o\000n\000n\000e\000l}{subsection.2.1}% 8
\BOOKMARK [2][]{subsection.2.2}{\376\377\0002\000.\0002\000\040\000I\000R\000O\000K\000O\000O\000.\000G\000E\000T\000\137\000I\000D\000S}{section.2}% 9
\BOOKMARK [3][]{subsubsection.2.2.1}{\376\377\0002\000.\0002\000.\0001\000\040\000S\000y\000n\000t\000a\000x\000e}{subsection.2.2}% 10
\BOOKMARK [3][]{subsubsection.2.2.2}{\376\377\0002\000.\0002\000.\0002\000\040\000P\000a\000r\000a\000m\000\350\000t\000r\000e\000s}{subsection.2.2}% 11
\BOOKMARK [3][]{subsubsection.2.2.3}{\376\377\0002\000.\0002\000.\0003\000\040\000F\000o\000r\000m\000a\000t\000s\000\040\000d\000e\000\040\000f\000i\000l\000t\000r\000e\000\040\000s\000u\000p\000p\000o\000r\000t\000\351\000s}{subsection.2.2}% 12
\BOOKMARK [3][]{subsubsection.2.2.4}{\376\377\0002\000.\0002\000.\0004\000\040\000R\000e\000t\000o\000u\000r\000n\000e}{subsection.2.2}% 13
\BOOKMARK [3][]{subsubsection.2.2.5}{\376\377\0002\000.\0002\000.\0005\000\040\000E\000x\000e\000m\000p\000l\000e}{subsection.2.2}% 14
\BOOKMARK [2][]{subsection.2.3}{\376\377\0002\000.\0003\000\040\000I\000R\000O\000K\000O\000O\000.\000G\000E\000T\000\137\000S\000U\000M}{section.2}% 15
\BOOKMARK [3][]{subsubsection.2.3.1}{\376\377\0002\000.\0003\000.\0001\000\040\000S\000y\000n\000t\000a\000x\000e}{subsection.2.3}% 16
\BOOKMARK [3][]{subsubsection.2.3.2}{\376\377\0002\000.\0003\000.\0002\000\040\000P\000a\000r\000a\000m\000\350\000t\000r\000e\000s}{subsection.2.3}% 17
\BOOKMARK [3][]{subsubsection.2.3.3}{\376\377\0002\000.\0003\000.\0003\000\040\000R\000e\000t\000o\000u\000r\000n\000e}{subsection.2.3}% 18
\BOOKMARK [3][]{subsubsection.2.3.4}{\376\377\0002\000.\0003\000.\0004\000\040\000E\000x\000e\000m\000p\000l\000e}{subsection.2.3}% 19
\BOOKMARK [2][]{subsection.2.4}{\376\377\0002\000.\0004\000\040\000I\000R\000O\000K\000O\000O\000.\000G\000E\000T\000\137\000G\000R\000O\000U\000P\000E\000D\000\137\000I\000D\000S}{section.2}% 20
\BOOKMARK [3][]{subsubsection.2.4.1}{\376\377\0002\000.\0004\000.\0001\000\040\000S\000y\000n\000t\000a\000x\000e}{subsection.2.4}% 21
\BOOKMARK [3][]{subsubsection.2.4.2}{\376\377\0002\000.\0004\000.\0002\000\040\000P\000a\000r\000a\000m\000\350\000t\000r\000e\000s}{subsection.2.4}% 22
\BOOKMARK [3][]{subsubsection.2.4.3}{\376\377\0002\000.\0004\000.\0003\000\040\000R\000e\000t\000o\000u\000r\000n\000e}{subsection.2.4}% 23
\BOOKMARK [3][]{subsubsection.2.4.4}{\376\377\0002\000.\0004\000.\0004\000\040\000E\000x\000e\000m\000p\000l\000e}{subsection.2.4}% 24
\BOOKMARK [2][]{subsection.2.5}{\376\377\0002\000.\0005\000\040\000I\000R\000O\000K\000O\000O\000.\000S\000U\000M\000\137\000B\000Y\000\137\000D\000O\000M\000A\000I\000N}{section.2}% 25
\BOOKMARK [3][]{subsubsection.2.5.1}{\376\377\0002\000.\0005\000.\0001\000\040\000S\000y\000n\000t\000a\000x\000e}{subsection.2.5}% 26
\BOOKMARK [3][]{subsubsection.2.5.2}{\376\377\0002\000.\0005\000.\0002\000\040\000P\000a\000r\000a\000m\000\350\000t\000r\000e\000s}{subsection.2.5}% 27
\BOOKMARK [3][]{subsubsection.2.5.3}{\376\377\0002\000.\0005\000.\0003\000\040\000R\000e\000t\000o\000u\000r\000n\000e}{subsection.2.5}% 28
\BOOKMARK [3][]{subsubsection.2.5.4}{\376\377\0002\000.\0005\000.\0004\000\040\000E\000x\000e\000m\000p\000l\000e}{subsection.2.5}% 29
\BOOKMARK [2][]{subsection.2.6}{\376\377\0002\000.\0006\000\040\000I\000R\000O\000K\000O\000O\000.\000C\000O\000U\000N\000T\000\137\000B\000Y\000\137\000D\000O\000M\000A\000I\000N}{section.2}% 30
\BOOKMARK [3][]{subsubsection.2.6.1}{\376\377\0002\000.\0006\000.\0001\000\040\000S\000y\000n\000t\000a\000x\000e}{subsection.2.6}% 31
\BOOKMARK [3][]{subsubsection.2.6.2}{\376\377\0002\000.\0006\000.\0002\000\040\000P\000a\000r\000a\000m\000\350\000t\000r\000e\000s}{subsection.2.6}% 32
\BOOKMARK [3][]{subsubsection.2.6.3}{\376\377\0002\000.\0006\000.\0003\000\040\000R\000e\000t\000o\000u\000r\000n\000e}{subsection.2.6}% 33
\BOOKMARK [3][]{subsubsection.2.6.4}{\376\377\0002\000.\0006\000.\0004\000\040\000E\000x\000e\000m\000p\000l\000e}{subsection.2.6}% 34
\BOOKMARK [1][]{section.3}{\376\377\0003\000\040\000U\000t\000i\000l\000i\000s\000a\000t\000i\000o\000n\000\040\000a\000v\000a\000n\000c\000\351\000e}{}% 35
\BOOKMARK [2][]{subsection.3.1}{\376\377\0003\000.\0001\000\040\000C\000o\000m\000b\000i\000n\000a\000i\000s\000o\000n\000\040\000d\000e\000\040\000f\000o\000r\000m\000u\000l\000e\000s}{section.3}% 36
\BOOKMARK [2][]{subsection.3.2}{\376\377\0003\000.\0002\000\040\000F\000i\000l\000t\000r\000e\000s\000\040\000a\000v\000e\000c\000\040\000l\000'\000o\000p\000\351\000r\000a\000t\000e\000u\000r\000\040\000I\000N}{section.3}% 37
\BOOKMARK [2][]{subsection.3.3}{\376\377\0003\000.\0003\000\040\000S\000y\000s\000t\000\350\000m\000e\000\040\000d\000e\000\040\000m\000i\000s\000e\000\040\000e\000n\000\040\000c\000a\000c\000h\000e}{section.3}% 38
\BOOKMARK [2][]{subsection.3.4}{\376\377\0003\000.\0004\000\040\000C\000o\000n\000s\000e\000i\000l\000s\000\040\000p\000o\000u\000r\000\040\000l\000e\000s\000\040\000p\000e\000r\000f\000o\000r\000m\000a\000n\000c\000e\000s}{section.3}% 39
\BOOKMARK [2][]{subsection.3.5}{\376\377\0003\000.\0005\000\040\000U\000t\000i\000l\000i\000s\000a\000t\000i\000o\000n\000\040\000d\000e\000\040\000c\000e\000l\000l\000u\000l\000e\000s\000\040\000d\000e\000\040\000r\000\351\000f\000\351\000r\000e\000n\000c\000e\000\040\000c\000o\000m\000m\000e\000\040\000f\000i\000l\000t\000r\000e\000s}{section.3}% 40
\BOOKMARK [2][]{subsection.3.6}{\376\377\0003\000.\0006\000\040\000G\000e\000s\000t\000i\000o\000n\000\040\000d\000e\000s\000\040\000d\000a\000t\000e\000s}{section.3}% 41
\BOOKMARK [2][]{subsection.3.7}{\376\377\0003\000.\0007\000\040\000C\000o\000n\000s\000e\000i\000l\000s\000\040\000p\000o\000u\000r\000\040\000l\000'\000o\000p\000t\000i\000m\000i\000s\000a\000t\000i\000o\000n}{section.3}% 42
\BOOKMARK [1][]{section.4}{\376\377\0004\000\040\000D\000\351\000p\000a\000n\000n\000a\000g\000e}{}% 43
\BOOKMARK [2][]{subsection.4.1}{\376\377\0004\000.\0001\000\040\000E\000r\000r\000e\000u\000r\000s\000\040\000c\000o\000u\000r\000a\000n\000t\000e\000s}{section.4}% 44
\BOOKMARK [2][]{subsection.4.2}{\376\377\0004\000.\0002\000\040\000P\000r\000o\000b\000l\000\350\000m\000e\000s\000\040\000d\000e\000\040\000c\000h\000a\000r\000g\000e\000m\000e\000n\000t}{section.4}% 45
\BOOKMARK [2][]{subsection.4.3}{\376\377\0004\000.\0003\000\040\000P\000r\000o\000b\000l\000\350\000m\000e\000s\000\040\000d\000'\000a\000c\000c\000\350\000s}{section.4}% 46
\BOOKMARK [1][]{section.5}{\376\377\0005\000\040\000A\000s\000p\000e\000c\000t\000s\000\040\000t\000e\000c\000h\000n\000i\000q\000u\000e\000s\000\040\000e\000t\000\040\000d\000\351\000f\000i\000s\000\040\000r\000e\000n\000c\000o\000n\000t\000r\000\351\000s}{}% 47
\BOOKMARK [2][]{subsection.5.1}{\376\377\0005\000.\0001\000\040\000C\000h\000a\000r\000g\000e\000m\000e\000n\000t\000\040\000a\000s\000y\000n\000c\000h\000r\000o\000n\000e\000\040\000d\000e\000s\000\040\000d\000o\000n\000n\000\351\000e\000s}{section.5}% 48
\BOOKMARK [2][]{subsection.5.2}{\376\377\0005\000.\0002\000\040\000S\000i\000m\000u\000l\000a\000t\000i\000o\000n\000\040\000d\000e\000\040\000G\000E\000T\000\137\000F\000I\000E\000L\000D\000\040\000p\000o\000u\000r\000\040\000r\000\351\000s\000o\000u\000d\000r\000e\000\040\000l\000e\000s\000\040\000b\000l\000o\000c\000a\000g\000e\000s}{section.5}% 49
\BOOKMARK [2][]{subsection.5.3}{\376\377\0005\000.\0003\000\040\000S\000y\000s\000t\000\350\000m\000e\000\040\000d\000e\000\040\000c\000a\000c\000h\000e\000\040\000i\000n\000t\000e\000l\000l\000i\000g\000e\000n\000t}{section.5}% 50
\BOOKMARK [2][]{subsection.5.4}{\376\377\0005\000.\0004\000\040\000G\000e\000s\000t\000i\000o\000n\000\040\000d\000e\000s\000\040\000e\000r\000r\000e\000u\000r\000s\000\040\000e\000t\000\040\000r\000\351\000s\000i\000l\000i\000e\000n\000c\000e}{section.5}% 51
\BOOKMARK [2][]{subsection.5.5}{\376\377\0005\000.\0005\000\040\000O\000p\000t\000i\000m\000i\000s\000a\000t\000i\000o\000n\000\040\000d\000e\000\040\000C\000O\000U\000N\000T\000\137\000B\000Y\000\137\000D\000O\000M\000A\000I\000N}{section.5}% 52
\BOOKMARK [2][]{subsection.5.6}{\376\377\0005\000.\0006\000\040\000C\000o\000n\000s\000e\000i\000l\000s\000\040\000d\000e\000\040\000d\000\351\000v\000e\000l\000o\000p\000p\000e\000m\000e\000n\000t\000\040\000p\000o\000u\000r\000\040\000l\000'\000e\000x\000t\000e\000n\000s\000i\000o\000n}{section.5}% 53
\BOOKMARK [1][]{section.6}{\376\377\0006\000\040\000E\000x\000e\000m\000p\000l\000e\000\040\000d\000e\000\040\000t\000a\000b\000l\000e\000a\000u\000\040\000d\000e\000\040\000b\000o\000r\000d}{}% 54
\BOOKMARK [2][]{subsection.6.1}{\376\377\0006\000.\0001\000\040\000O\000b\000j\000e\000c\000t\000i\000f\000\040\000d\000u\000\040\000t\000a\000b\000l\000e\000a\000u\000\040\000d\000e\000\040\000b\000o\000r\000d}{section.6}% 55
\BOOKMARK [2][]{subsection.6.2}{\376\377\0006\000.\0002\000\040\000A\000r\000c\000h\000i\000t\000e\000c\000t\000u\000r\000e\000\040\000\340\000\040\000d\000e\000u\000x\000\040\000f\000e\000u\000i\000l\000l\000e\000s}{section.6}% 56
\BOOKMARK [2][]{subsection.6.3}{\376\377\0006\000.\0003\000\040\000I\000m\000p\000l\000\351\000m\000e\000n\000t\000a\000t\000i\000o\000n\000\040\000\351\000t\000a\000p\000e\000\040\000p\000a\000r\000\040\000\351\000t\000a\000p\000e}{section.6}% 57
\BOOKMARK [3][]{subsubsection.6.3.1}{\376\377\0006\000.\0003\000.\0001\000\040\000\311\000t\000a\000p\000e\000\040\0001\000\040\000:\000\040\000C\000r\000\351\000a\000t\000i\000o\000n\000\040\000e\000t\000\040\000p\000a\000r\000a\000m\000\351\000t\000r\000a\000g\000e\000\040\000d\000e\000s\000\040\000f\000e\000u\000i\000l\000l\000e\000s}{subsection.6.3}% 58
\BOOKMARK [3][]{subsubsection.6.3.2}{\376\377\0006\000.\0003\000.\0002\000\040\000\311\000t\000a\000p\000e\000\040\0002\000\040\000:\000\040\000P\000r\000\351\000p\000a\000r\000a\000t\000i\000o\000n\000\040\000d\000e\000s\000\040\000d\000o\000n\000n\000\351\000e\000s\000\040\000d\000e\000\040\000r\000\351\000f\000\351\000r\000e\000n\000c\000e\000\040\000d\000a\000n\000s\000\040\000l\000'\000o\000n\000g\000l\000e\000t\000\040\000p\000r\000i\000n\000c\000i\000p\000a\000l}{subsection.6.3}% 59
\BOOKMARK [3][]{subsubsection.6.3.3}{\376\377\0006\000.\0003\000.\0003\000\040\000\311\000t\000a\000p\000e\000\040\0003\000\040\000:\000\040\000P\000r\000\351\000p\000a\000r\000a\000t\000i\000o\000n\000\040\000d\000e\000s\000\040\000r\000e\000q\000u\000\352\000t\000e\000s\000\040\000c\000o\000m\000p\000l\000e\000x\000e\000s\000\040\000d\000a\000n\000s\000\040\000l\000a\000\040\000f\000e\000u\000i\000l\000l\000e\000\040\000D\000a\000t\000a}{subsection.6.3}% 60
\BOOKMARK [3][]{subsubsection.6.3.4}{\376\377\0006\000.\0003\000.\0004\000\040\000\311\000t\000a\000p\000e\000\040\0004\000\040\000:\000\040\000C\000o\000n\000f\000i\000g\000u\000r\000a\000t\000i\000o\000n\000\040\000d\000e\000s\000\040\000c\000o\000l\000o\000n\000n\000e\000s\000\040\000d\000e\000\040\000d\000a\000t\000e\000s\000\040\000e\000t\000\040\000p\000\351\000r\000i\000o\000d\000e\000s}{subsection.6.3}% 61
\BOOKMARK [3][]{subsubsection.6.3.5}{\376\377\0006\000.\0003\000.\0005\000\040\000\311\000t\000a\000p\000e\000\040\0005\000\040\000:\000\040\000\311\000v\000o\000l\000u\000t\000i\000o\000n\000\040\000m\000e\000n\000s\000u\000e\000l\000l\000e\000\040\000d\000e\000s\000\040\000v\000e\000n\000t\000e\000s}{subsection.6.3}% 62
\BOOKMARK [3][]{subsubsection.6.3.6}{\376\377\0006\000.\0003\000.\0006\000\040\000\311\000t\000a\000p\000e\000\040\0006\000\040\000:\000\040\000C\000o\000n\000f\000i\000g\000u\000r\000a\000t\000i\000o\000n\000\040\000d\000e\000s\000\040\000T\000o\000p\000\040\0005\000\040\000c\000l\000i\000e\000n\000t\000s}{subsection.6.3}% 63
\BOOKMARK [3][]{subsubsection.6.3.7}{\376\377\0006\000.\0003\000.\0007\000\040\000\311\000t\000a\000p\000e\000\040\0007\000\040\000:\000\040\000C\000o\000n\000f\000i\000g\000u\000r\000a\000t\000i\000o\000n\000\040\000d\000e\000s\000\040\000T\000o\000p\000\040\0005\000\040\000p\000r\000o\000d\000u\000i\000t\000s}{subsection.6.3}% 64
\BOOKMARK [3][]{subsubsection.6.3.8}{\376\377\0006\000.\0003\000.\0008\000\040\000\311\000t\000a\000p\000e\000\040\0008\000\040\000:\000\040\000T\000a\000u\000x\000\040\000d\000e\000\040\000c\000o\000n\000v\000e\000r\000s\000i\000o\000n\000\040\000d\000e\000s\000\040\000d\000e\000v\000i\000s}{subsection.6.3}% 65
\BOOKMARK [3][]{subsubsection.6.3.9}{\376\377\0006\000.\0003\000.\0009\000\040\000\311\000t\000a\000p\000e\000\040\0009\000\040\000:\000\040\000R\000\351\000p\000a\000r\000t\000i\000t\000i\000o\000n\000\040\000p\000a\000r\000\040\000\351\000q\000u\000i\000p\000e\000\040\000d\000e\000\040\000v\000e\000n\000t\000e}{subsection.6.3}% 66
\BOOKMARK [3][]{subsubsection.6.3.10}{\376\377\0006\000.\0003\000.\0001\0000\000\040\000\311\000t\000a\000p\000e\000\040\0001\0000\000\040\000:\000\040\000A\000j\000o\000u\000t\000\040\000d\000e\000\040\000g\000r\000a\000p\000h\000i\000q\000u\000e\000s}{subsection.6.3}% 67
\BOOKMARK [2][]{subsection.6.4}{\376\377\0006\000.\0004\000\040\000A\000s\000t\000u\000c\000e\000s\000\040\000p\000o\000u\000r\000\040\000o\000p\000t\000i\000m\000i\000s\000e\000r\000\040\000l\000e\000\040\000t\000a\000b\000l\000e\000a\000u\000\040\000d\000e\000\040\000b\000o\000r\000d}{section.6}% 68
